<?xml version="1.0" encoding="UTF-8"?>
<!-- Generated by org.testng.reporters.JUnitReportReporter -->
<testsuite hostname="DESKTOP-97NKLTU" failures="0" tests="6" name="test.day3" time="0.126" errors="0" timestamp="2024-12-26T10:56:56 IST" skipped="1">
  <testcase classname="test.day3" name="MobilesignoutcarLoan" time="0.016"/>
  <system-out/>
  <testcase classname="test.day3" name="MobilesignoutcarLoan" time="0.006"/>
  <system-out/>
  <testcase classname="test.day3" name="WebloginCarLoan" time="0.022"/>
  <system-out/>
  <testcase classname="test.day3" name="MobileLogincarLoan" time="0.065"/>
  <system-out/>
  <testcase classname="test.day3" name="MobilesignoutcarLoan" time="0.017"/>
  <system-out/>
  <testcase classname="test.day3" name="MobilesignimcarLoan">
    <skipped/>
  </testcase> <!-- MobilesignimcarLoan -->
  <system-out/>
</testsuite> <!-- test.day3 -->
